16:07:43.640 [main] INFO  testCases.TC_002_LoginTest - ****** Starting TC_002_LoginTest *****
16:07:45.712 [main] INFO  testCases.TC_002_LoginTest - ****** Finished TC_002_LoginTest *****
16:11:38.099 [main] INFO  testCases.TC_001_AccountRegisterTest - ****** Starting TC_001 ******
16:11:38.464 [main] INFO  testCases.TC_001_AccountRegisterTest - Clicked on MyAccount Link
16:11:38.898 [main] INFO  testCases.TC_001_AccountRegisterTest - Clicked on Register link
16:11:38.905 [main] INFO  testCases.TC_001_AccountRegisterTest - Providing customer details..
16:11:40.712 [main] INFO  testCases.TC_001_AccountRegisterTest - Validating expected message..
16:11:40.818 [main] INFO  testCases.TC_001_AccountRegisterTest - ****** Finished TC_001 ******
16:11:46.303 [main] INFO  testCases.TC_002_LoginTest - ****** Starting TC_002_LoginTest *****
17:13:06.218 [main] INFO  testCases.TC_001_AccountRegisterTest - ****** Starting TC_001 ******
17:13:06.780 [main] INFO  testCases.TC_001_AccountRegisterTest - Clicked on MyAccount Link
17:13:07.247 [main] INFO  testCases.TC_001_AccountRegisterTest - Clicked on Register link
17:13:07.251 [main] INFO  testCases.TC_001_AccountRegisterTest - Providing customer details..
17:13:09.017 [main] INFO  testCases.TC_001_AccountRegisterTest - Validating expected message..
17:13:09.075 [main] INFO  testCases.TC_001_AccountRegisterTest - ****** Finished TC_001 ******
17:13:16.043 [main] INFO  testCases.TC_002_LoginTest - ****** Starting TC_002_LoginTest *****
17:16:16.474 [main] INFO  testCases.TC_002_LoginTest - ****** Starting TC_002_LoginTest *****
17:16:18.394 [main] INFO  testCases.TC_002_LoginTest - ****** Finished TC_002_LoginTest *****
17:42:52.017 [main] INFO  testCases.TC_001_AccountRegisterTest - ****** Starting TC_001 ******
17:42:52.131 [main] INFO  testCases.TC_001_AccountRegisterTest - Clicked on MyAccount Link
17:42:52.599 [main] INFO  testCases.TC_001_AccountRegisterTest - Clicked on Register link
17:42:52.601 [main] INFO  testCases.TC_001_AccountRegisterTest - Providing customer details..
17:42:53.843 [main] INFO  testCases.TC_001_AccountRegisterTest - Validating expected message..
17:42:53.883 [main] INFO  testCases.TC_001_AccountRegisterTest - ****** Finished TC_001 ******
17:42:57.931 [main] INFO  testCases.TC_002_LoginTest - ****** Starting TC_002_LoginTest *****
17:42:59.629 [main] INFO  testCases.TC_002_LoginTest - ****** Finished TC_002_LoginTest *****
17:44:19.186 [main] INFO  testCases.TC_001_AccountRegisterTest - ****** Starting TC_001 ******
17:44:19.306 [main] INFO  testCases.TC_001_AccountRegisterTest - Clicked on MyAccount Link
17:44:19.713 [main] INFO  testCases.TC_001_AccountRegisterTest - Clicked on Register link
17:44:19.716 [main] INFO  testCases.TC_001_AccountRegisterTest - Providing customer details..
17:44:20.849 [main] INFO  testCases.TC_001_AccountRegisterTest - Validating expected message..
17:44:20.884 [main] INFO  testCases.TC_001_AccountRegisterTest - ****** Finished TC_001 ******
17:44:24.399 [main] INFO  testCases.TC_002_LoginTest - ****** Starting TC_002_LoginTest *****
17:44:25.954 [main] INFO  testCases.TC_002_LoginTest - ****** Finished TC_002_LoginTest *****
